<?xml version="1.0" encoding="UTF-8"?>
<coverage generated="1632150257509" clover="3.2.0">
  <project timestamp="1632150257510" name="All files">
    <metrics statements="10" coveredstatements="7" conditionals="1" coveredconditionals="0" methods="5" coveredmethods="3" elements="16" coveredelements="10" complexity="0" loc="10" ncloc="10" packages="1" files="1" classes="1"/>
    <file name="Gallery.vue" path="D:\proyectos\vue\vue2\ey_technical_test\src\components\Gallery.vue">
      <metrics statements="10" coveredstatements="7" conditionals="1" coveredconditionals="0" methods="5" coveredmethods="3"/>
      <line num="28" count="2" type="stmt"/>
      <line num="36" count="3" type="stmt"/>
      <line num="37" count="3" type="stmt"/>
      <line num="41" count="1" type="stmt"/>
      <line num="43" count="3" type="stmt"/>
      <line num="47" count="0" type="stmt"/>
      <line num="48" count="0" type="stmt"/>
      <line num="52" count="2" type="stmt"/>
      <line num="53" count="2" type="stmt"/>
      <line num="54" count="0" type="stmt"/>
    </file>
  </project>
</coverage>
